Arguments: 
  C:\Program Files\nodejs\node.exe C:\Users\cilium\AppData\Roaming\npm\node_modules\yarn\bin\yarn.js add concurrently

PATH: 
  C:\Program Files\Common Files\Oracle\Java\javapath;C:\Windows\system32;C:\Windows;C:\Windows\System32\Wbem;C:\Windows\System32\WindowsPowerShell\v1.0\;C:\Windows\System32\OpenSSH\;C:\Program Files (x86)\ATI Technologies\ATI.ACE\Core-Static;C:\Program Files\Git\cmd;C:\Program Files\nodejs\;C:\Program Files\PuTTY\;C:\Users\cilium\AppData\Local\Microsoft\WindowsApps;;C:\Users\cilium\AppData\Local\hyper\app-3.0.2\resources\bin;C:\Users\cilium\AppData\Local\Programs\Microsoft VS Code\bin;C:\Users\cilium\AppData\Roaming\npm

Yarn version: 
  1.22.10

Node version: 
  14.15.0

Platform: 
  win32 x64

Trace: 
  SyntaxError: C:\Users\cilium\Desktop\ebuka\webdev\reactjs\react-admin\package.json: Unexpected end of JSON input
      at JSON.parse (<anonymous>)
      at C:\Users\cilium\AppData\Roaming\npm\node_modules\yarn\lib\cli.js:1625:59
      at Generator.next (<anonymous>)
      at step (C:\Users\cilium\AppData\Roaming\npm\node_modules\yarn\lib\cli.js:310:30)
      at C:\Users\cilium\AppData\Roaming\npm\node_modules\yarn\lib\cli.js:321:13

npm manifest: 
  {
    "name": "react-admin",
    "version": "1.0.0",
    "description": "",
    "main": "index.js",
    "scripts": {
      "server": "json-server --watch db.json --port 5000",
      "client": "npm start --prefix client",
      "dev": "concurrently\"npm run server\" \"npm run client",
      "keywords": [],
      "author": "",
      "license": "ISC",
      "dependencies": {
        "json-server": "^0.16.3"
      }
    }

yarn manifest: 
  No manifest

Lockfile: 
  No lockfile
